0 info it worked if it ends with ok
1 verbose cli [ '/usr/local/bin/node',
1 verbose cli   '/usr/local/bin/npm',
1 verbose cli   'install',
1 verbose cli   '-g',
1 verbose cli   'vtop' ]
2 info using npm@1.4.28
3 info using node@v0.10.32
4 verbose cache add [ 'vtop', null ]
5 verbose cache add name=undefined spec="vtop" args=["vtop",null]
6 verbose parsed url { protocol: null,
6 verbose parsed url   slashes: null,
6 verbose parsed url   auth: null,
6 verbose parsed url   host: null,
6 verbose parsed url   port: null,
6 verbose parsed url   hostname: null,
6 verbose parsed url   hash: null,
6 verbose parsed url   search: null,
6 verbose parsed url   query: null,
6 verbose parsed url   pathname: 'vtop',
6 verbose parsed url   path: 'vtop',
6 verbose parsed url   href: 'vtop' }
7 silly lockFile 3cd25cb4-vtop vtop
8 verbose lock vtop /Users/tiagoinacio/.npm/3cd25cb4-vtop.lock
9 silly lockFile 3cd25cb4-vtop vtop
10 silly lockFile 3cd25cb4-vtop vtop
11 verbose addNamed [ 'vtop', '' ]
12 verbose addNamed [ null, '*' ]
13 silly lockFile a4bb08f5-vtop vtop@
14 verbose lock vtop@ /Users/tiagoinacio/.npm/a4bb08f5-vtop.lock
15 silly addNameRange { name: 'vtop', range: '*', hasData: false }
16 verbose request where is /vtop
17 verbose request registry http://registry.npm.dev.betfair/
18 verbose request id 732370d3db62e1ff
19 verbose url raw /vtop
20 verbose url resolving [ 'http://registry.npm.dev.betfair/', './vtop' ]
21 verbose url resolved http://registry.npm.dev.betfair/vtop
22 verbose request where is http://registry.npm.dev.betfair/vtop
23 info trying registry request attempt 1 at 14:48:01
24 http GET http://registry.npm.dev.betfair/vtop
25 http 404 http://registry.npm.dev.betfair/vtop
26 verbose headers { server: 'CouchDB/1.5.0 (Erlang OTP/R14B04)',
26 verbose headers   date: 'Tue, 18 Aug 2015 13:48:01 GMT',
26 verbose headers   'content-type': 'application/json',
26 verbose headers   'content-length': '52',
26 verbose headers   'cache-control': 'must-revalidate' }
27 silly registry.get cb [ 404,
27 silly registry.get   { server: 'CouchDB/1.5.0 (Erlang OTP/R14B04)',
27 silly registry.get     date: 'Tue, 18 Aug 2015 13:48:01 GMT',
27 silly registry.get     'content-type': 'application/json',
27 silly registry.get     'content-length': '52',
27 silly registry.get     'cache-control': 'must-revalidate' } ]
28 silly lockFile a4bb08f5-vtop vtop@
29 silly lockFile a4bb08f5-vtop vtop@
30 error 404 404 Not Found: vtop
30 error 404
30 error 404 'vtop' is not in the npm registry.
30 error 404 You should bug the author to publish it
30 error 404
30 error 404 Note that you can also install from a
30 error 404 tarball, folder, or http url, or git url.
31 error System Darwin 14.4.0
32 error command "/usr/local/bin/node" "/usr/local/bin/npm" "install" "-g" "vtop"
33 error cwd /Users/tiagoinacio/.vim/cfg
34 error node -v v0.10.32
35 error npm -v 1.4.28
36 error code E404
37 verbose exit [ 1, true ]
