                      14:47:04: AutoUpdate called [/Users/tiagoinacio/.vim/cfg/packages/tagbar.vim]
14:47:04: Vim filetype: 'vim', sanitized filetype: 'vim'
14:47:04: Checking if file is valid [/Users/tiagoinacio/.vim/cfg/packages/tagbar.vim]
14:47:04: New file, processing [/Users/tiagoinacio/.vim/cfg/packages/tagbar.vim]
14:47:04: ProcessFile called [/Users/tiagoinacio/.vim/cfg/packages/tagbar.vim]
14:47:04: Checking if file is valid [/Users/tiagoinacio/.vim/cfg/packages/tagbar.vim]
14:47:04: ExecuteCtagsOnFile called [/var/folders/cq/g8d5wty97cd8d2s80hlp47zr0000gn/T/vgIPU4T/19.vim]
14:47:04: EscapeCtagsCmd called
14:47:04: ctags_bin: /usr/local/bin/ctags
14:47:04: ctags_args (is a list): ['-f', '-', '--format=2', '--excmd=pattern', '--fields=nksSa', '--extra=', '--sort=no', '--language-force=vim', '--vim-kinds=nvfacm']
14:47:04: Escaped ctags command: '/usr/local/bin/ctags' '-f' '-' '--format=2' '--excmd=pattern' '--fields=nksSa' '--extra=' '--sort=no' '--language-force=vim' '--vim-kinds=nvfacm' '/var/folders/cq/g8d5wty97cd8d2s80hlp47zr0000gn/T/vgIPU4T/19.vim'
14:47:04: Executing ctags command: '/usr/local/bin/ctags' '-f' '-' '--format=2' '--excmd=pattern' '--fields=nksSa' '--extra=' '--sort=no' '--language-force=vim' '--vim-kinds=nvfacm' '/var/folders/cq/g8d5wty97cd8d2s80hlp47zr0000gn/T/vgIPU4T/19.vim'
14:47:04: Calling shell to execute: "('/usr/local/bin/ctags' '-f' '-' '--format=2' '--excmd=pattern' '--fields=nksSa' '--extra=' '--sort=no' '--language-force=vim' '--vim-kinds=nvfacm' '/var/folders/cq/g8d5wty97cd8d2s80hlp47zr0000gn/T/vgIPU4T/19.vim') >/var/folders/cq/g8d5wty97cd8d2s80hlp47zr0000gn/T/vgIPU4T/20 2>&1"
14:47:04: Ctags executed successfully
14:47:04: Filetype tag kinds: ['a', 'c', 'f', 'v', 'm', 'n']
14:47:04: Parsing ctags output
14:47:04: Number of top-level tags: 0
14:47:04: Processing kind: n, number of tags: 0
14:47:04: Processing kind: v, number of tags: 4
14:47:04: Processing kind: f, number of tags: 0
14:47:04: Processing kind: a, number of tags: 0
14:47:04: Processing kind: c, number of tags: 0
14:47:04: Processing kind: m, number of tags: 1
14:47:04: RenderContent called
14:47:04: goto_win(): wincmd p, 1
14:47:04: goto_win(): 2wincmd w, 1
14:47:04: goto_win(): 1wincmd w, 1
14:47:04: Setting current file [/Users/tiagoinacio/.vim/cfg/packages/tagbar.vim]
14:47:04: AutoUpdate finished successfully
14:47:04: AutoUpdate called [/Users/tiagoinacio/.vim/cfg/packages/tagbar.vim]
14:47:04: Vim filetype: 'vim', sanitized filetype: 'vim'
14:47:04: Checking if file is valid [/Users/tiagoinacio/.vim/cfg/packages/tagbar.vim]
14:47:04: File data seems up to date [/Users/tiagoinacio/.vim/cfg/packages/tagbar.vim]
14:47:04: Setting current file [/Users/tiagoinacio/.vim/cfg/packages/tagbar.vim]
14:47:04: AutoUpdate finished successfully
14:47:07: AutoUpdate called [/Users/tiagoinacio/.vim/cfg/packages/tagbar.vim]
14:47:07: Vim filetype: 'vim', sanitized filetype: 'vim'
14:47:07: Checking if file is valid [/Users/tiagoinacio/.vim/cfg/packages/tagbar.vim]
14:47:07: File data seems up to date [/Users/tiagoinacio/.vim/cfg/packages/tagbar.vim]
14:47:07: Setting current file [/Users/tiagoinacio/.vim/cfg/packages/tagbar.vim]
14:47:07: AutoUpdate finished successfully
14:47:13: AutoUpdate called [/Users/tiagoinacio/.vim/cfg/packages/tagbar.vim]
14:47:13: Vim filetype: 'vim', sanitized filetype: 'vim'
14:47:13: Checking if file is valid [/Users/tiagoinacio/.vim/cfg/packages/tagbar.vim]
14:47:13: File data seems up to date [/Users/tiagoinacio/.vim/cfg/packages/tagbar.vim]
14:47:13: Setting current file [/Users/tiagoinacio/.vim/cfg/packages/tagbar.vim]
14:47:13: goto_win(): 2wincmd w, 0
14:47:13: AutoUpdate finished successfully
14:47:23: AutoUpdate called [/Users/tiagoinacio/.vim/cfg/packages/tagbar.vim]
14:47:23: Vim filetype: 'vim', sanitized filetype: 'vim'
14:47:23: Checking if file is valid [/Users/tiagoinacio/.vim/cfg/packages/tagbar.vim]
14:47:23: File data seems up to date [/Users/tiagoinacio/.vim/cfg/packages/tagbar.vim]
14:47:23: Setting current file [/Users/tiagoinacio/.vim/cfg/packages/tagbar.vim]
14:47:23: AutoUpdate finished successfully
                              14:47:25: AutoUpdate called [/Users/tiagoinacio/.vim/cfg/packages/tagbar.vim]
14:47:25: Vim filetype: 'vim', sanitized filetype: 'vim'
14:47:25: Checking if file is valid [/Users/tiagoinacio/.vim/cfg/packages/tagbar.vim]
14:47:25: File data outdated, updating [/Users/tiagoinacio/.vim/cfg/packages/tagbar.vim]
14:47:25: ProcessFile called [/Users/tiagoinacio/.vim/cfg/packages/tagbar.vim]
14:47:25: Checking if file is valid [/Users/tiagoinacio/.vim/cfg/packages/tagbar.vim]
14:47:25: ExecuteCtagsOnFile called [/var/folders/cq/g8d5wty97cd8d2s80hlp47zr0000gn/T/vgIPU4T/30.vim]
14:47:25: EscapeCtagsCmd called
14:47:25: ctags_bin: /usr/local/bin/ctags
14:47:25: ctags_args (is a list): ['-f', '-', '--format=2', '--excmd=pattern', '--fields=nksSa', '--extra=', '--sort=no', '--language-force=vim', '--vim-kinds=nvfacm']
14:47:25: Escaped ctags command: '/usr/local/bin/ctags' '-f' '-' '--format=2' '--excmd=pattern' '--fields=nksSa' '--extra=' '--sort=no' '--language-force=vim' '--vim-kinds=nvfacm' '/var/folders/cq/g8d5wty97cd8d2s80hlp47zr0000gn/T/vgIPU4T/30.vim'
14:47:25: Executing ctags command: '/usr/local/bin/ctags' '-f' '-' '--format=2' '--excmd=pattern' '--fields=nksSa' '--extra=' '--sort=no' '--language-force=vim' '--vim-kinds=nvfacm' '/var/folders/cq/g8d5wty97cd8d2s80hlp47zr0000gn/T/vgIPU4T/30.vim'
14:47:25: Calling shell to execute: "('/usr/local/bin/ctags' '-f' '-' '--format=2' '--excmd=pattern' '--fields=nksSa' '--extra=' '--sort=no' '--language-force=vim' '--vim-kinds=nvfacm' '/var/folders/cq/g8d5wty97cd8d2s80hlp47zr0000gn/T/vgIPU4T/30.vim') >/var/folders/cq/g8d5wty97cd8d2s80hlp47zr0000gn/T/vgIPU4T/31 2>&1"
14:47:25: Ctags executed successfully
14:47:25: Filetype tag kinds: ['a', 'c', 'f', 'v', 'm', 'n']
14:47:25: Parsing ctags output
14:47:25: Number of top-level tags: 0
14:47:25: Processing kind: n, number of tags: 0
14:47:25: Processing kind: v, number of tags: 5
14:47:25: Processing kind: f, number of tags: 0
14:47:25: Processing kind: a, number of tags: 0
14:47:25: Processing kind: c, number of tags: 0
14:47:25: Processing kind: m, number of tags: 1
14:47:25: RenderContent called
14:47:25: goto_win(): wincmd p, 1
14:47:25: Setting current file [/Users/tiagoinacio/.vim/cfg/packages/tagbar.vim]
14:47:25: AutoUpdate finished successfully
                              14:47:27: AutoUpdate called [/Users/tiagoinacio/.vim/cfg/packages/tagbar.vim]
14:47:27: Vim filetype: 'vim', sanitized filetype: 'vim'
14:47:27: Checking if file is valid [/Users/tiagoinacio/.vim/cfg/packages/tagbar.vim]
14:47:27: File data outdated, updating [/Users/tiagoinacio/.vim/cfg/packages/tagbar.vim]
14:47:27: ProcessFile called [/Users/tiagoinacio/.vim/cfg/packages/tagbar.vim]
14:47:27: Checking if file is valid [/Users/tiagoinacio/.vim/cfg/packages/tagbar.vim]
14:47:27: ExecuteCtagsOnFile called [/var/folders/cq/g8d5wty97cd8d2s80hlp47zr0000gn/T/vgIPU4T/33.vim]
14:47:27: EscapeCtagsCmd called
14:47:27: ctags_bin: /usr/local/bin/ctags
14:47:27: ctags_args (is a list): ['-f', '-', '--format=2', '--excmd=pattern', '--fields=nksSa', '--extra=', '--sort=no', '--language-force=vim', '--vim-kinds=nvfacm']
14:47:27: Escaped ctags command: '/usr/local/bin/ctags' '-f' '-' '--format=2' '--excmd=pattern' '--fields=nksSa' '--extra=' '--sort=no' '--language-force=vim' '--vim-kinds=nvfacm' '/var/folders/cq/g8d5wty97cd8d2s80hlp47zr0000gn/T/vgIPU4T/33.vim'
14:47:27: Executing ctags command: '/usr/local/bin/ctags' '-f' '-' '--format=2' '--excmd=pattern' '--fields=nksSa' '--extra=' '--sort=no' '--language-force=vim' '--vim-kinds=nvfacm' '/var/folders/cq/g8d5wty97cd8d2s80hlp47zr0000gn/T/vgIPU4T/33.vim'
14:47:27: Calling shell to execute: "('/usr/local/bin/ctags' '-f' '-' '--format=2' '--excmd=pattern' '--fields=nksSa' '--extra=' '--sort=no' '--language-force=vim' '--vim-kinds=nvfacm' '/var/folders/cq/g8d5wty97cd8d2s80hlp47zr0000gn/T/vgIPU4T/33.vim') >/var/folders/cq/g8d5wty97cd8d2s80hlp47zr0000gn/T/vgIPU4T/34 2>&1"
14:47:27: Ctags executed successfully
14:47:28: Filetype tag kinds: ['a', 'c', 'f', 'v', 'm', 'n']
14:47:28: Parsing ctags output
14:47:28: Number of top-level tags: 0
14:47:28: Processing kind: n, number of tags: 0
14:47:28: Processing kind: v, number of tags: 5
14:47:28: Processing kind: f, number of tags: 0
14:47:28: Processing kind: a, number of tags: 0
14:47:28: Processing kind: c, number of tags: 0
14:47:28: Processing kind: m, number of tags: 1
14:47:28: RenderContent called
14:47:28: goto_win(): wincmd p, 1
14:47:28: Setting current file [/Users/tiagoinacio/.vim/cfg/packages/tagbar.vim]
14:47:28: AutoUpdate finished successfully
