15:15:13: AutoUpdate called [/Users/tiagoinacio/.vim/cfg/theme.vim]
15:15:13: Vim filetype: 'vim', sanitized filetype: 'vim'
15:15:13: Checking if file is valid [/Users/tiagoinacio/.vim/cfg/theme.vim]
15:15:13: File data seems up to date [/Users/tiagoinacio/.vim/cfg/theme.vim]
15:15:13: Setting current file [/Users/tiagoinacio/.vim/cfg/theme.vim]
15:15:13: AutoUpdate finished successfully
15:15:18: AutoUpdate called [/Users/tiagoinacio/.vim/cfg/theme.vim]
15:15:18: Vim filetype: 'vim', sanitized filetype: 'vim'
15:15:18: Checking if file is valid [/Users/tiagoinacio/.vim/cfg/theme.vim]
15:15:18: File data seems up to date [/Users/tiagoinacio/.vim/cfg/theme.vim]
15:15:18: Setting current file [/Users/tiagoinacio/.vim/cfg/theme.vim]
15:15:18: AutoUpdate finished successfully
                                  15:15:25: AutoUpdate called [/Users/tiagoinacio/.vim/tagbardebug.log]
15:15:25: Vim filetype: '', sanitized filetype: ''
15:15:25: Checking if file is valid [/Users/tiagoinacio/.vim/tagbardebug.log]
15:15:25: Empty filename or type
15:15:25: Not a valid file, stopping processing
15:15:25: AutoUpdate called [/Users/tiagoinacio/.vim/tagbardebug.log]
15:15:25: Vim filetype: '', sanitized filetype: ''
15:15:25: Checking if file is valid [/Users/tiagoinacio/.vim/tagbardebug.log]
15:15:25: Empty filename or type
15:15:25: Not a valid file, stopping processing
15:15:27: AutoUpdate called [/Users/tiagoinacio/.vim/tagbardebug.log]
15:15:27: Vim filetype: '', sanitized filetype: ''
15:15:27: Checking if file is valid [/Users/tiagoinacio/.vim/tagbardebug.log]
15:15:27: Empty filename or type
15:15:27: Not a valid file, stopping processing
15:15:37: goto_win(): 1wincmd w, 1
14:47:04: AutoUpdate called [/Users/tiagoinacio/.vim/cfg/packages/tagbar.vim]
14:47:04: Vim filetype: 'vim', sanitized filetype: 'vim'
14:47:04: Checking if file is valid [/Users/tiagoinacio/.vim/cfg/packages/tagbar.vim]
14:47:04: File data seems up to date [/Users/tiagoinacio/.vim/cfg/packages/tagbar.vim]
14:47:04: Setting current file [/Users/tiagoinacio/.vim/cfg/packages/tagbar.vim]
14:47:04: AutoUpdate finished successfully
